\BOOKMARK [0][-]{chapter.1}{\376\377\000I\000n\000t\000r\000o\000d\000u\000\347\000\343\000o}{}% 1
\BOOKMARK [1][-]{section.1.1}{\376\377\000E\000n\000q\000u\000a\000d\000r\000a\000m\000e\000n\000t\000o\000\040\000e\000\040\000m\000o\000t\000i\000v\000a\000\347\000\343\000o}{chapter.1}% 2
\BOOKMARK [1][-]{section.1.2}{\376\377\000O\000b\000j\000e\000t\000i\000v\000o\000s}{chapter.1}% 3
\BOOKMARK [1][-]{section.1.3}{\376\377\000E\000s\000t\000r\000u\000t\000u\000r\000a\000\040\000d\000a\000\040\000d\000i\000s\000s\000e\000r\000t\000a\000\347\000\343\000o}{chapter.1}% 4
\BOOKMARK [0][-]{chapter.2}{\376\377\000O\000\040\000p\000r\000o\000b\000l\000e\000m\000a\000\040\000e\000\040\000o\000s\000\040\000s\000e\000u\000s\000\040\000d\000e\000s\000a\000f\000i\000o\000s}{}% 5
\BOOKMARK [1][-]{section.2.1}{\376\377\000D\000e\000s\000a\000f\000i\000o\000s}{chapter.2}% 6
\BOOKMARK [1][-]{section.2.2}{\376\377\000P\000l\000a\000n\000o\000\040\000d\000a\000\040\000S\000o\000l\000u\000\347\000\343\000o}{chapter.2}% 7
\BOOKMARK [0][-]{chapter.3}{\376\377\000E\000s\000t\000a\000d\000o\000\040\000d\000a\000\040\000a\000r\000t\000e}{}% 8
\BOOKMARK [1][-]{section.3.1}{\376\377\000R\000e\000c\000o\000n\000h\000e\000c\000i\000m\000e\000n\000t\000o\000\040\000\363\000t\000i\000c\000o\000\040\000d\000e\000\040\000c\000a\000r\000a\000c\000t\000e\000r\000e\000s}{chapter.3}% 9
\BOOKMARK [2][-]{subsection.3.1.1}{\376\377\000I\000n\000t\000r\000o\000d\000u\000\347\000\343\000o}{section.3.1}% 10
\BOOKMARK [2][-]{subsection.3.1.2}{\376\377\000B\000r\000e\000v\000e\000\040\000h\000i\000s\000t\000\363\000r\000i\000a\000\040\000e\000\040\000e\000v\000o\000l\000u\000\347\000\343\000o}{section.3.1}% 11
\BOOKMARK [2][-]{subsection.3.1.3}{\376\377\000P\000r\000o\000c\000e\000s\000s\000o\000\040\000O\000C\000R}{section.3.1}% 12
\BOOKMARK [2][-]{subsection.3.1.4}{\376\377\000D\000e\000s\000a\000f\000i\000o\000s}{section.3.1}% 13
\BOOKMARK [2][-]{subsection.3.1.5}{\376\377\000T\000e\000c\000n\000o\000l\000o\000g\000i\000a}{section.3.1}% 14
\BOOKMARK [1][-]{section.3.2}{\376\377\000P\000r\000\351\000\040\000P\000r\000o\000c\000e\000s\000s\000a\000m\000e\000n\000t\000o\000\040\000p\000a\000r\000a\000\040\000O\000C\000R}{chapter.3}% 15
\BOOKMARK [2][-]{section*.12}{\376\377\000M\000\351\000t\000r\000i\000c\000a\000s\000\040\000d\000e\000\040\000a\000v\000a\000l\000i\000a\000\347\000\343\000o}{section.3.2}% 16
\BOOKMARK [1][-]{section.3.3}{\376\377\000P\000\363\000s\000\040\000P\000r\000o\000c\000e\000s\000s\000a\000m\000e\000n\000t\000o\000\040\000p\000a\000r\000a\000\040\000O\000C\000R}{chapter.3}% 17
\BOOKMARK [2][-]{section*.13}{\376\377\000J\000u\000n\000\347\000\343\000o\000\040\000d\000e\000\040\000O\000u\000t\000p\000u\000t\000s\000\040\000d\000e\000\040\000O\000C\000R}{section.3.3}% 18
\BOOKMARK [3][-]{section*.13}{\376\377\000V\000i\000a\000s\000\040\000l\000e\000x\000i\000c\000a\000i\000s}{section.3.3}% 19
\BOOKMARK [3][-]{section*.13}{\376\377\000M\000o\000d\000e\000l\000o\000s\000\040\000d\000e\000\040\000e\000r\000r\000o\000\040\000e\000\040\000M\000\341\000q\000u\000i\000n\000a\000s\000\040\000d\000e\000\040\000e\000s\000t\000a\000d\000o\000\040\000f\000i\000n\000i\000t\000a\000s\000\040\000c\000o\000m\000\040\000p\000e\000s\000o\000s}{section.3.3}% 20
\BOOKMARK [3][-]{section*.13}{\376\377\000M\000o\000d\000e\000l\000o\000s\000\040\000d\000e\000\040\000l\000i\000n\000g\000u\000a\000g\000e\000m\000\040\000b\000a\000s\000e\000a\000d\000o\000s\000\040\000e\000m\000\040\000t\000\363\000p\000i\000c\000o\000s}{section.3.3}% 21
\BOOKMARK [3][-]{section*.13}{\376\377\000M\000o\000d\000e\000l\000o\000s\000\040\000d\000e\000\040\000l\000i\000n\000g\000u\000a\000g\000e\000m}{section.3.3}% 22
\BOOKMARK [3][-]{section*.13}{\376\377\000M\000a\000c\000h\000i\000n\000e\000\040\000L\000e\000a\000r\000n\000i\000n\000g\000\040\000b\000a\000s\000e\000a\000d\000o\000\040\000e\000m\000\040\000c\000a\000r\000a\000c\000t\000e\000r\000\355\000s\000t\000i\000c\000a\000s}{section.3.3}% 23
\BOOKMARK [3][-]{section*.13}{\376\377\000S\000e\000q\0002\000S\000e\000q\000\040\000-\000\040\000S\000e\000q\000u\000\352\000n\000c\000i\000a\000\040\000p\000a\000r\000a\000\040\000S\000e\000q\000u\000\352\000n\000c\000i\000a}{section.3.3}% 24
\BOOKMARK [3][-]{section*.13}{\376\377\000M\000\351\000t\000r\000i\000c\000a\000s\000\040\000d\000e\000\040\000a\000v\000a\000l\000i\000a\000\347\000\343\000o}{section.3.3}% 25
\BOOKMARK [1][-]{section.3.4}{\376\377\000S\000e\000g\000m\000e\000n\000t\000a\000\347\000\343\000o\000\040\000d\000e\000\040\000d\000o\000c\000u\000m\000e\000n\000t\000o\000s}{chapter.3}% 26
\BOOKMARK [2][-]{section*.14}{\376\377\000A\000l\000g\000o\000r\000i\000t\000m\000o\000s\000\040\000d\000e\000d\000i\000c\000a\000d\000o\000s\000\040\000a\000\040\000u\000m\000\040\000l\000a\000y\000o\000u\000t\000\040\000e\000s\000p\000e\000c\000\355\000f\000i\000c\000o}{section.3.4}% 27
\BOOKMARK [3][-]{section*.14}{\376\377\000A\000l\000g\000o\000r\000i\000t\000m\000o\000s\000\040\000q\000u\000e\000\040\000u\000s\000a\000m\000\040\000p\000a\000r\000\342\000m\000e\000t\000r\000o\000s\000\040\000p\000a\000r\000a\000\040\000d\000e\000s\000c\000r\000e\000v\000e\000r\000\040\000u\000m\000\040\000l\000a\000y\000o\000u\000t}{section.3.4}% 28
\BOOKMARK [3][-]{section*.14}{\376\377\000A\000l\000g\000o\000r\000i\000t\000m\000o\000s\000\040\000p\000a\000r\000a\000\040\000s\000e\000g\000m\000e\000n\000t\000a\000\347\000\343\000o\000\040\000d\000e\000\040\000l\000a\000y\000o\000u\000t\000\040\000p\000o\000t\000e\000n\000c\000i\000a\000l\000m\000e\000n\000t\000e\000\040\000n\000\343\000o\000\040\000r\000e\000s\000t\000r\000i\000n\000g\000i\000d\000o\000s}{section.3.4}% 29
\BOOKMARK [1][-]{section.3.5}{\376\377\000T\000r\000a\000b\000a\000l\000h\000o\000\040\000r\000e\000l\000a\000c\000i\000o\000n\000a\000d\000o}{chapter.3}% 30
\BOOKMARK [2][-]{subsection.3.5.1}{\376\377\000E\000x\000t\000r\000a\000\347\000\343\000o\000\040\000d\000e\000\040\000c\000o\000n\000t\000e\000\372\000d\000o\000\040\000d\000e\000\040\000j\000o\000r\000n\000a\000i\000s}{section.3.5}% 31
\BOOKMARK [3][-]{section*.15}{\376\377\000H\000e\000u\000r\000\355\000s\000t\000i\000c\000a\000s}{subsection.3.5.1}% 32
\BOOKMARK [3][-]{section*.15}{\376\377\000I\000n\000t\000e\000l\000i\000g\000\352\000n\000c\000i\000a\000\040\000a\000r\000t\000i\000f\000i\000c\000i\000a\000l}{subsection.3.5.1}% 33
\BOOKMARK [2][-]{subsection.3.5.2}{\376\377\000O\000r\000d\000e\000m\000\040\000d\000e\000\040\000l\000e\000i\000t\000u\000r\000a}{section.3.5}% 34
\BOOKMARK [1][-]{section.3.6}{\376\377\000O\000u\000t\000r\000o\000s}{chapter.3}% 35
\BOOKMARK [1][-]{section.3.7}{\376\377\000C\000o\000n\000c\000l\000u\000s\000\365\000e\000s}{chapter.3}% 36
\BOOKMARK [0][-]{chapter.4}{\376\377\000O\000S\000D\000O\000C\000R\000\040\000F\000i\000l\000s\000o\000f\000i\000a}{}% 37
\BOOKMARK [1][-]{section.4.1}{\376\377\000O\000\040\000p\000r\000o\000b\000l\000e\000m\000a}{chapter.4}% 38
\BOOKMARK [1][-]{section.4.2}{\376\377\000M\000o\000d\000e\000l\000o\000s}{chapter.4}% 39
\BOOKMARK [2][-]{subsection.4.2.1}{\376\377\000I\000m\000a\000g\000e\000m}{section.4.2}% 40
\BOOKMARK [2][-]{subsection.4.2.2}{\376\377\000O\000C\000R\000\040\000T\000r\000e\000e\000\040\000-\000\040\000e\000s\000t\000r\000u\000t\000u\000r\000a\000\040\000d\000e\000\040\000d\000a\000d\000o\000s\000\040\000p\000a\000r\000a\000\040\000r\000e\000s\000u\000l\000t\000a\000d\000o\000s\000\040\000O\000C\000R}{section.4.2}% 41
\BOOKMARK [1][-]{section.4.3}{\376\377\000A\000r\000q\000u\000i\000t\000e\000t\000u\000r\000a\000\040\000d\000a\000\040\000s\000o\000l\000u\000\347\000\343\000o}{chapter.4}% 42
\BOOKMARK [2][-]{subsection.4.3.1}{\376\377\000O\000S\000D\000O\000C\000R\000\040\000T\000o\000o\000l\000k\000i\000t}{section.4.3}% 43
\BOOKMARK [2][-]{subsection.4.3.2}{\376\377\000O\000S\000D\000O\000C\000R\000\040\000P\000i\000p\000e\000l\000i\000n\000e}{section.4.3}% 44
\BOOKMARK [2][-]{subsection.4.3.3}{\376\377\000O\000S\000D\000O\000C\000R\000\040\000E\000d\000i\000t\000o\000r}{section.4.3}% 45
\BOOKMARK [0][-]{chapter.5}{\376\377\000O\000S\000D\000O\000C\000R\000\040\000E\000s\000t\000r\000u\000t\000u\000r\000a\000s\000\040\000d\000e\000\040\000D\000a\000d\000o\000s\000\040\000-\000\040\000I\000m\000p\000l\000e\000m\000e\000n\000t\000a\000\347\000\343\000o}{}% 46
\BOOKMARK [1][-]{section.5.1}{\376\377\000O\000C\000R\000\040\000T\000r\000e\000e}{chapter.5}% 47
\BOOKMARK [1][-]{section.5.2}{\376\377\000B\000o\000x}{chapter.5}% 48
\BOOKMARK [0][-]{chapter.6}{\376\377\000O\000S\000D\000O\000C\000R\000\040\000T\000o\000o\000l\000k\000i\000t\000\040\000-\000\040\000I\000m\000p\000l\000e\000m\000e\000n\000t\000a\000\347\000\343\000o}{}% 49
\BOOKMARK [1][-]{section.6.1}{\376\377\000S\000u\000m\000\341\000r\000i\000o}{chapter.6}% 50
\BOOKMARK [1][-]{section.6.2}{\376\377\000P\000r\000o\000c\000e\000s\000s\000a\000m\000e\000n\000t\000o\000\040\000d\000e\000\040\000r\000e\000s\000u\000l\000t\000a\000d\000o\000s\000\040\000O\000C\000R}{chapter.6}% 51
\BOOKMARK [1][-]{section.6.3}{\376\377\000P\000r\000o\000c\000e\000s\000s\000a\000m\000e\000n\000t\000o\000\040\000d\000e\000\040\000i\000m\000a\000g\000e\000m}{chapter.6}% 52
\BOOKMARK [1][-]{section.6.4}{\376\377\000P\000r\000o\000c\000e\000s\000s\000a\000m\000e\000n\000t\000o\000\040\000d\000e\000\040\000t\000e\000x\000t\000o}{chapter.6}% 53
\BOOKMARK [0][-]{chapter.7}{\376\377\000O\000S\000D\000O\000C\000R\000\040\000P\000i\000p\000e\000l\000i\000n\000e\000\040\000-\000\040\000I\000m\000p\000l\000e\000m\000e\000n\000t\000a\000\347\000\343\000o}{}% 54
\BOOKMARK [1][-]{section.7.1}{\376\377\000S\000u\000m\000\341\000r\000i\000o}{chapter.7}% 55
\BOOKMARK [1][-]{section.7.2}{\376\377\000P\000r\000\351\000-\000p\000r\000o\000c\000e\000s\000s\000a\000m\000e\000n\000t\000o\000\040\000d\000e\000\040\000i\000m\000a\000g\000e\000m}{chapter.7}% 56
\BOOKMARK [1][-]{section.7.3}{\376\377\000O\000C\000R}{chapter.7}% 57
\BOOKMARK [1][-]{section.7.4}{\376\377\000P\000\363\000s\000-\000p\000r\000o\000c\000e\000s\000s\000a\000m\000e\000n\000t\000o\000\040\000d\000e\000\040\000O\000C\000R}{chapter.7}% 58
\BOOKMARK [1][-]{section.7.5}{\376\377\000G\000e\000r\000a\000\347\000\343\000o\000\040\000d\000e\000\040\000o\000u\000t\000p\000u\000t}{chapter.7}% 59
\BOOKMARK [1][-]{section.7.6}{\376\377\000V\000a\000l\000i\000d\000a\000\347\000\343\000o\000\040\000d\000e\000\040\000r\000e\000s\000u\000l\000t\000a\000d\000o\000s}{chapter.7}% 60
\BOOKMARK [0][-]{chapter.8}{\376\377\000O\000S\000D\000O\000C\000R\000\040\000E\000d\000i\000t\000o\000r\000\040\000-\000\040\000I\000m\000p\000l\000e\000m\000e\000n\000t\000a\000\347\000\343\000o}{}% 61
\BOOKMARK [1][-]{section.8.1}{\376\377\000S\000u\000m\000\341\000r\000i\000o}{chapter.8}% 62
\BOOKMARK [1][-]{section.8.2}{\376\377\000F\000u\000n\000c\000i\000o\000n\000a\000l\000i\000d\000a\000d\000e\000s}{chapter.8}% 63
\BOOKMARK [2][-]{subsection.8.2.1}{\376\377\000I\000n\000p\000u\000t\000s}{section.8.2}% 64
\BOOKMARK [2][-]{subsection.8.2.2}{\376\377\000M\000a\000n\000i\000p\000u\000l\000a\000\347\000\343\000o\000\040\000m\000a\000n\000u\000a\000l\000\040\000d\000e\000\040\000O\000C\000R\000\040\000T\000r\000e\000e}{section.8.2}% 65
\BOOKMARK [2][-]{subsection.8.2.3}{\376\377\000A\000p\000l\000i\000c\000a\000\347\000\343\000o\000\040\000l\000o\000c\000a\000l\000\040\000d\000e\000\040\000O\000C\000R}{section.8.2}% 66
\BOOKMARK [2][-]{subsection.8.2.4}{\376\377\000F\000e\000r\000r\000a\000m\000e\000n\000t\000a\000s\000\040\000d\000i\000s\000p\000o\000n\000\355\000v\000e\000i\000s}{section.8.2}% 67
\BOOKMARK [2][-]{subsection.8.2.5}{\376\377\000O\000u\000t\000p\000u\000t\000s}{section.8.2}% 68
\BOOKMARK [2][-]{subsection.8.2.6}{\376\377\000O\000p\000e\000r\000a\000\347\000\365\000e\000s\000\040\000a\000d\000i\000c\000i\000o\000n\000a\000i\000s}{section.8.2}% 69
\BOOKMARK [0][-]{chapter.9}{\376\377\000A\000p\000l\000i\000c\000a\000\347\000\365\000e\000s}{}% 70
\BOOKMARK [1][-]{section.9.1}{\376\377\000I\000n\000t\000r\000o\000d\000u\000\347\000\343\000o}{chapter.9}% 71
\BOOKMARK [1][-]{section.9.2}{\376\377\000S\000u\000m\000\341\000r\000i\000o}{chapter.9}% 72
\BOOKMARK [0][-]{chapter.10}{\376\377\000C\000o\000n\000c\000l\000u\000s\000\365\000e\000s\000\040\000e\000\040\000t\000r\000a\000b\000a\000l\000h\000o\000\040\000f\000u\000t\000u\000r\000o}{}% 73
\BOOKMARK [1][-]{section.10.1}{\376\377\000C\000o\000n\000c\000l\000u\000s\000\365\000e\000s}{chapter.10}% 74
\BOOKMARK [1][-]{section.10.2}{\376\377\000P\000e\000r\000s\000p\000e\000t\000i\000v\000a\000\040\000d\000e\000\040\000t\000r\000a\000b\000a\000l\000h\000o\000\040\000f\000u\000t\000u\000r\000o}{chapter.10}% 75
\BOOKMARK [-1][-]{part.1}{\376\377\000I\000\040\000A\000p\000\352\000n\000d\000i\000c\000e\000s}{}% 76
\BOOKMARK [0][-]{appendix.A}{\376\377\000T\000r\000a\000b\000a\000l\000h\000o\000\040\000d\000e\000\040\000a\000p\000o\000i\000o}{part.1}% 77
\BOOKMARK [0][-]{appendix.B}{\376\377\000D\000e\000t\000a\000l\000h\000e\000s\000\040\000d\000o\000s\000\040\000r\000e\000s\000u\000l\000t\000a\000d\000o\000s}{part.1}% 78
\BOOKMARK [0][-]{appendix.C}{\376\377\000L\000i\000s\000t\000i\000n\000g\000s}{part.1}% 79
\BOOKMARK [0][-]{appendix.D}{\376\377\000F\000e\000r\000r\000a\000m\000e\000n\000t\000a\000s}{part.1}% 80
